/*C96*/SET SCHEMA PUBLIC
CONNECT USER SA
SET AUTOCOMMIT FALSE
SET AUTOCOMMIT TRUE
alter table EVENT drop constraint FK3F47A7A1EA4C1E1
alter table EVENT drop constraint FK3F47A7AF7821B61
alter table PAGE drop constraint FK255A8F1EA4C1E1
alter table PERSON drop constraint FK8C768F55D5844C53
alter table PERSON drop constraint FK8C768F551EA4C1E1
alter table PICTURE drop constraint FK85BE8DED5844C53
alter table PICTURE drop constraint FK85BE8DE1DD737E1
alter table PICTURE drop constraint FK85BE8DE1EA4C1E1
drop table EVENT if exists
drop table PAGE if exists
drop table PERSON if exists
drop table PICTURE if exists
drop table USER if exists
create table EVENT (ID bigint not null, NAME varchar(50) not null, LOCATION varchar(100), DESCRIPTION varchar(200), EVENTDATE date, EVENTTYPE varbinary(255), OTHER varchar(255), PAGE_ID bigint, USER_ID bigint, primary key (ID))
create table PAGE (PAGE_ID bigint not null, NAME varchar(255), DESCRIPTION varchar(255), VALID_FROM timestamp, VALID_TO timestamp, EXPIRY_DATE timestamp, USER_ID bigint, primary key (PAGE_ID))
create table PERSON (ID bigint not null, FIRST varchar(50) not null, MIDDLE varchar(50), LAST varchar(50) not null, EMAIL varchar(75) not null, DATEOFBIRTH timestamp, GENDER varbinary(255), EVENT_ID bigint, USER_ID bigint, primary key (ID))
create table PICTURE (PICTURE_ID bigint not null, NAME varchar(255), LOCATION varchar(255), CAPTION varchar(255), PERSON_ID bigint, EVENT_ID bigint, USER_ID bigint, primary key (PICTURE_ID))
create table USER (ID bigint not null, USERNAME varchar(25) not null, PASSWORD varchar(25) not null, FIRST varchar(50) not null, MIDDLE varchar(50), LAST varchar(50) not null, EMAIL varchar(75) not null, DATEOFBIRTH timestamp, GENDER varbinary(255), primary key (ID))
alter table EVENT add constraint FK3F47A7A1EA4C1E1 foreign key (USER_ID) references USER
alter table EVENT add constraint FK3F47A7AF7821B61 foreign key (PAGE_ID) references PAGE
alter table PAGE add constraint FK255A8F1EA4C1E1 foreign key (USER_ID) references USER
alter table PERSON add constraint FK8C768F55D5844C53 foreign key (EVENT_ID) references EVENT
alter table PERSON add constraint FK8C768F551EA4C1E1 foreign key (USER_ID) references USER
alter table PICTURE add constraint FK85BE8DED5844C53 foreign key (EVENT_ID) references EVENT
alter table PICTURE add constraint FK85BE8DE1DD737E1 foreign key (PERSON_ID) references PERSON
alter table PICTURE add constraint FK85BE8DE1EA4C1E1 foreign key (USER_ID) references USER
SET AUTOCOMMIT FALSE
/*C97*/SET SCHEMA PUBLIC
CONNECT USER SA
SET AUTOCOMMIT FALSE
SET AUTOCOMMIT TRUE
alter table EVENT drop constraint FK3F47A7A1EA4C1E1
alter table EVENT drop constraint FK3F47A7AF7821B61
alter table PAGE drop constraint FK255A8F1EA4C1E1
alter table PERSON drop constraint FK8C768F55D5844C53
alter table PERSON drop constraint FK8C768F551EA4C1E1
alter table PICTURE drop constraint FK85BE8DED5844C53
alter table PICTURE drop constraint FK85BE8DE1DD737E1
alter table PICTURE drop constraint FK85BE8DE1EA4C1E1
drop table EVENT if exists
drop table PAGE if exists
drop table PERSON if exists
drop table PICTURE if exists
drop table USER if exists
create table EVENT (ID bigint not null, NAME varchar(50) not null, LOCATION varchar(100), DESCRIPTION varchar(200), EVENTDATE date, EVENTTYPE varbinary(255), OTHER varchar(255), PAGE_ID bigint, USER_ID bigint, primary key (ID))
create table PAGE (PAGE_ID bigint not null, NAME varchar(255), DESCRIPTION varchar(255), VALID_FROM timestamp, VALID_TO timestamp, EXPIRY_DATE timestamp, USER_ID bigint, primary key (PAGE_ID))
create table PERSON (ID bigint not null, FIRST varchar(50) not null, MIDDLE varchar(50), LAST varchar(50) not null, EMAIL varchar(75) not null, DATEOFBIRTH timestamp, GENDER varbinary(255), EVENT_ID bigint, USER_ID bigint, primary key (ID))
create table PICTURE (PICTURE_ID bigint not null, NAME varchar(255), LOCATION varchar(255), CAPTION varchar(255), PERSON_ID bigint, EVENT_ID bigint, USER_ID bigint, primary key (PICTURE_ID))
create table USER (ID bigint not null, USERNAME varchar(25) not null, PASSWORD varchar(25) not null, FIRST varchar(50) not null, MIDDLE varchar(50), LAST varchar(50) not null, EMAIL varchar(75) not null, DATEOFBIRTH timestamp, GENDER varbinary(255), primary key (ID))
alter table EVENT add constraint FK3F47A7A1EA4C1E1 foreign key (USER_ID) references USER
alter table EVENT add constraint FK3F47A7AF7821B61 foreign key (PAGE_ID) references PAGE
alter table PAGE add constraint FK255A8F1EA4C1E1 foreign key (USER_ID) references USER
alter table PERSON add constraint FK8C768F55D5844C53 foreign key (EVENT_ID) references EVENT
alter table PERSON add constraint FK8C768F551EA4C1E1 foreign key (USER_ID) references USER
alter table PICTURE add constraint FK85BE8DED5844C53 foreign key (EVENT_ID) references EVENT
alter table PICTURE add constraint FK85BE8DE1DD737E1 foreign key (PERSON_ID) references PERSON
alter table PICTURE add constraint FK85BE8DE1EA4C1E1 foreign key (USER_ID) references USER
SET AUTOCOMMIT FALSE
INSERT INTO USER VALUES(1,'user','pass','Patrick','Michael','Callaghan','patrick@oakitfinancial.co.uk','2012-04-29 11:02:01.573000000','aced00057e72001f636f6d2e6f616b2e62616279626f6f6b2e6f626a656374732e47656e64657200000000000000001200007872000e6a6176612e6c616e672e456e756d000000000000000012000078707400044d414c45')
COMMIT
/*C98*/SET SCHEMA PUBLIC
CONNECT USER SA
SET AUTOCOMMIT FALSE
INSERT INTO PERSON VALUES(1,'Beth','Anne','Callaghan','beth@oakitfinancial.co.uk','2012-04-29 11:02:01.810000000','aced00057e72001f636f6d2e6f616b2e62616279626f6f6b2e6f626a656374732e47656e64657200000000000000001200007872000e6a6176612e6c616e672e456e756d0000000000000000120000787074000646454d414c45',NULL,NULL)
COMMIT
/*C99*/SET SCHEMA PUBLIC
CONNECT USER SA
SET AUTOCOMMIT FALSE
INSERT INTO PERSON VALUES(2,'Eva','May','Callaghan','eva@oakitfinancial.co.uk','2012-04-29 11:02:01.826000000','aced00057e72001f636f6d2e6f616b2e62616279626f6f6b2e6f626a656374732e47656e64657200000000000000001200007872000e6a6176612e6c616e672e456e756d0000000000000000120000787074000646454d414c45',NULL,NULL)
COMMIT
/*C100*/SET SCHEMA PUBLIC
CONNECT USER SA
SET AUTOCOMMIT FALSE
INSERT INTO PICTURE VALUES(1,'MyPhoto.jpg','Paris','Me and the girls in Paris',NULL,NULL,NULL)
COMMIT
/*C101*/SET SCHEMA PUBLIC
CONNECT USER SA
SET AUTOCOMMIT FALSE
INSERT INTO PICTURE VALUES(2,'Pic.gif','Home','Playing in front of the fire',NULL,NULL,NULL)
COMMIT
/*C102*/SET SCHEMA PUBLIC
CONNECT USER SA
SET AUTOCOMMIT FALSE
INSERT INTO EVENT VALUES(1,'My Event','At home','Some short description','2012-04-29','aced00057e720022636f6d2e6f616b2e62616279626f6f6b2e6f626a656374732e4576656e745479706500000000000000001200007872000e6a6176612e6c616e672e456e756d00000000000000001200007870740007534159494e4753',NULL,NULL,NULL)
COMMIT
/*C103*/SET SCHEMA PUBLIC
CONNECT USER SA
SET AUTOCOMMIT FALSE
INSERT INTO EVENT VALUES(2,'Another Event','In the park','Another short description','2012-04-29','aced00057e720022636f6d2e6f616b2e62616279626f6f6b2e6f626a656374732e4576656e745479706500000000000000001200007872000e6a6176612e6c616e672e456e756d0000000000000000120000787074000b46495253545f5354455053',NULL,NULL,NULL)
COMMIT
/*C104*/SET SCHEMA PUBLIC
CONNECT USER SA
SET AUTOCOMMIT FALSE
INSERT INTO PICTURE VALUES(3,'WithEvent.gif','Event Pic','Picture for the event',NULL,NULL,NULL)
COMMIT
/*C105*/SET SCHEMA PUBLIC
CONNECT USER SA
SET AUTOCOMMIT FALSE
INSERT INTO EVENT VALUES(3,'Another1 Event','In the park','Another short description','2012-04-29','aced00057e720022636f6d2e6f616b2e62616279626f6f6b2e6f626a656374732e4576656e745479706500000000000000001200007872000e6a6176612e6c616e672e456e756d0000000000000000120000787074000b46495253545f5354455053',NULL,NULL,NULL)
COMMIT
/*C106*/SET SCHEMA PUBLIC
CONNECT USER SA
SET AUTOCOMMIT FALSE
DELETE FROM EVENT WHERE ID=1
INSERT INTO EVENT VALUES(1,'My Event','At home','Some short description','2012-04-29','aced00057e720022636f6d2e6f616b2e62616279626f6f6b2e6f626a656374732e4576656e745479706500000000000000001200007872000e6a6176612e6c616e672e456e756d00000000000000001200007870740007534159494e4753',NULL,NULL,1)
DELETE FROM EVENT WHERE ID=2
INSERT INTO EVENT VALUES(2,'Another Event','In the park','Another short description','2012-04-29','aced00057e720022636f6d2e6f616b2e62616279626f6f6b2e6f626a656374732e4576656e745479706500000000000000001200007872000e6a6176612e6c616e672e456e756d0000000000000000120000787074000b46495253545f5354455053',NULL,NULL,1)
DELETE FROM EVENT WHERE ID=3
INSERT INTO EVENT VALUES(3,'Another1 Event','In the park','Another short description','2012-04-29','aced00057e720022636f6d2e6f616b2e62616279626f6f6b2e6f626a656374732e4576656e745479706500000000000000001200007872000e6a6176612e6c616e672e456e756d0000000000000000120000787074000b46495253545f5354455053',NULL,NULL,1)
DELETE FROM PICTURE WHERE PICTURE_ID=2
INSERT INTO PICTURE VALUES(2,'Pic.gif','Home','Playing in front of the fire',NULL,NULL,1)
DELETE FROM PICTURE WHERE PICTURE_ID=1
INSERT INTO PICTURE VALUES(1,'MyPhoto.jpg','Paris','Me and the girls in Paris',NULL,NULL,1)
DELETE FROM PICTURE WHERE PICTURE_ID=3
INSERT INTO PICTURE VALUES(3,'WithEvent.gif','Event Pic','Picture for the event',NULL,NULL,1)
DELETE FROM PERSON WHERE ID=1
INSERT INTO PERSON VALUES(1,'Beth','Anne','Callaghan','beth@oakitfinancial.co.uk','2012-04-29 11:02:01.810000000','aced00057e72001f636f6d2e6f616b2e62616279626f6f6b2e6f626a656374732e47656e64657200000000000000001200007872000e6a6176612e6c616e672e456e756d0000000000000000120000787074000646454d414c45',NULL,1)
DELETE FROM PERSON WHERE ID=2
INSERT INTO PERSON VALUES(2,'Eva','May','Callaghan','eva@oakitfinancial.co.uk','2012-04-29 11:02:01.826000000','aced00057e72001f636f6d2e6f616b2e62616279626f6f6b2e6f626a656374732e47656e64657200000000000000001200007872000e6a6176612e6c616e672e456e756d0000000000000000120000787074000646454d414c45',NULL,1)
COMMIT
/*C107*/SET SCHEMA PUBLIC
CONNECT USER SA
SET AUTOCOMMIT FALSE
/*C108*/SET SCHEMA PUBLIC
CONNECT USER SA
SET AUTOCOMMIT FALSE
/*C109*/SET SCHEMA PUBLIC
CONNECT USER SA
SET AUTOCOMMIT FALSE
/*C97*/DISCONNECT
/*C109*/DISCONNECT
/*C108*/DISCONNECT
/*C107*/DISCONNECT
/*C106*/DISCONNECT
/*C105*/DISCONNECT
/*C104*/DISCONNECT
/*C103*/DISCONNECT
/*C102*/DISCONNECT
/*C101*/DISCONNECT
/*C100*/DISCONNECT
/*C99*/DISCONNECT
/*C98*/DISCONNECT
/*C110*/SET SCHEMA PUBLIC
CONNECT USER SA
SET AUTOCOMMIT FALSE
SET AUTOCOMMIT TRUE
alter table EVENT drop constraint FK3F47A7A1EA4C1E1
alter table EVENT drop constraint FK3F47A7AF7821B61
alter table PAGE drop constraint FK255A8F1EA4C1E1
alter table PERSON drop constraint FK8C768F55D5844C53
alter table PERSON drop constraint FK8C768F551EA4C1E1
alter table PICTURE drop constraint FK85BE8DED5844C53
alter table PICTURE drop constraint FK85BE8DE1DD737E1
alter table PICTURE drop constraint FK85BE8DE1EA4C1E1
drop table EVENT if exists
drop table PAGE if exists
drop table PERSON if exists
drop table PICTURE if exists
drop table USER if exists
create table EVENT (ID bigint not null, NAME varchar(50) not null, LOCATION varchar(100), DESCRIPTION varchar(200), EVENTDATE date, EVENTTYPE varbinary(255), OTHER varchar(255), PAGE_ID bigint, USER_ID bigint, primary key (ID))
create table PAGE (PAGE_ID bigint not null, NAME varchar(255), DESCRIPTION varchar(255), VALID_FROM timestamp, VALID_TO timestamp, EXPIRY_DATE timestamp, USER_ID bigint, primary key (PAGE_ID))
create table PERSON (ID bigint not null, FIRST varchar(50) not null, MIDDLE varchar(50), LAST varchar(50) not null, EMAIL varchar(75) not null, DATEOFBIRTH timestamp, GENDER varbinary(255), EVENT_ID bigint, USER_ID bigint, primary key (ID))
create table PICTURE (PICTURE_ID bigint not null, NAME varchar(255), LOCATION varchar(255), CAPTION varchar(255), PERSON_ID bigint, EVENT_ID bigint, USER_ID bigint, primary key (PICTURE_ID))
create table USER (ID bigint not null, USERNAME varchar(25) not null, PASSWORD varchar(25) not null, FIRST varchar(50) not null, MIDDLE varchar(50), LAST varchar(50) not null, EMAIL varchar(75) not null, DATEOFBIRTH timestamp, GENDER varbinary(255), primary key (ID))
alter table EVENT add constraint FK3F47A7A1EA4C1E1 foreign key (USER_ID) references USER
alter table EVENT add constraint FK3F47A7AF7821B61 foreign key (PAGE_ID) references PAGE
alter table PAGE add constraint FK255A8F1EA4C1E1 foreign key (USER_ID) references USER
alter table PERSON add constraint FK8C768F55D5844C53 foreign key (EVENT_ID) references EVENT
alter table PERSON add constraint FK8C768F551EA4C1E1 foreign key (USER_ID) references USER
alter table PICTURE add constraint FK85BE8DED5844C53 foreign key (EVENT_ID) references EVENT
alter table PICTURE add constraint FK85BE8DE1DD737E1 foreign key (PERSON_ID) references PERSON
alter table PICTURE add constraint FK85BE8DE1EA4C1E1 foreign key (USER_ID) references USER
SET AUTOCOMMIT FALSE
INSERT INTO USER VALUES(1,'user','pass','Patrick','Michael','Callaghan','patrick@oakitfinancial.co.uk','2012-04-29 11:02:02.971000000','aced00057e72001f636f6d2e6f616b2e62616279626f6f6b2e6f626a656374732e47656e64657200000000000000001200007872000e6a6176612e6c616e672e456e756d000000000000000012000078707400044d414c45')
COMMIT
/*C111*/SET SCHEMA PUBLIC
CONNECT USER SA
SET AUTOCOMMIT FALSE
INSERT INTO PERSON VALUES(1,'Beth','Anne','Callaghan','beth@oakitfinancial.co.uk','2012-04-29 11:02:02.981000000','aced00057e72001f636f6d2e6f616b2e62616279626f6f6b2e6f626a656374732e47656e64657200000000000000001200007872000e6a6176612e6c616e672e456e756d0000000000000000120000787074000646454d414c45',NULL,NULL)
COMMIT
/*C112*/SET SCHEMA PUBLIC
CONNECT USER SA
SET AUTOCOMMIT FALSE
INSERT INTO PERSON VALUES(2,'Eva','May','Callaghan','eva@oakitfinancial.co.uk','2012-04-29 11:02:02.983000000','aced00057e72001f636f6d2e6f616b2e62616279626f6f6b2e6f626a656374732e47656e64657200000000000000001200007872000e6a6176612e6c616e672e456e756d0000000000000000120000787074000646454d414c45',NULL,NULL)
COMMIT
/*C113*/SET SCHEMA PUBLIC
CONNECT USER SA
SET AUTOCOMMIT FALSE
INSERT INTO PICTURE VALUES(1,'MyPhoto.jpg','Paris','Me and the girls in Paris',NULL,NULL,NULL)
COMMIT
/*C114*/SET SCHEMA PUBLIC
CONNECT USER SA
SET AUTOCOMMIT FALSE
INSERT INTO PICTURE VALUES(2,'Pic.gif','Home','Playing in front of the fire',NULL,NULL,NULL)
COMMIT
/*C115*/SET SCHEMA PUBLIC
CONNECT USER SA
SET AUTOCOMMIT FALSE
INSERT INTO EVENT VALUES(1,'My Event','At home','Some short description','2012-04-29','aced00057e720022636f6d2e6f616b2e62616279626f6f6b2e6f626a656374732e4576656e745479706500000000000000001200007872000e6a6176612e6c616e672e456e756d00000000000000001200007870740007534159494e4753',NULL,NULL,NULL)
COMMIT
/*C116*/SET SCHEMA PUBLIC
CONNECT USER SA
SET AUTOCOMMIT FALSE
INSERT INTO EVENT VALUES(2,'Another Event','In the park','Another short description','2012-04-29','aced00057e720022636f6d2e6f616b2e62616279626f6f6b2e6f626a656374732e4576656e745479706500000000000000001200007872000e6a6176612e6c616e672e456e756d0000000000000000120000787074000b46495253545f5354455053',NULL,NULL,NULL)
COMMIT
/*C117*/SET SCHEMA PUBLIC
CONNECT USER SA
SET AUTOCOMMIT FALSE
INSERT INTO PICTURE VALUES(3,'WithEvent.gif','Event Pic','Picture for the event',NULL,NULL,NULL)
COMMIT
/*C118*/SET SCHEMA PUBLIC
CONNECT USER SA
SET AUTOCOMMIT FALSE
INSERT INTO EVENT VALUES(3,'Another1 Event','In the park','Another short description','2012-04-29','aced00057e720022636f6d2e6f616b2e62616279626f6f6b2e6f626a656374732e4576656e745479706500000000000000001200007872000e6a6176612e6c616e672e456e756d0000000000000000120000787074000b46495253545f5354455053',NULL,NULL,NULL)
COMMIT
/*C119*/SET SCHEMA PUBLIC
CONNECT USER SA
SET AUTOCOMMIT FALSE
DELETE FROM EVENT WHERE ID=3
INSERT INTO EVENT VALUES(3,'Another1 Event','In the park','Another short description','2012-04-29','aced00057e720022636f6d2e6f616b2e62616279626f6f6b2e6f626a656374732e4576656e745479706500000000000000001200007872000e6a6176612e6c616e672e456e756d0000000000000000120000787074000b46495253545f5354455053',NULL,NULL,1)
DELETE FROM EVENT WHERE ID=2
INSERT INTO EVENT VALUES(2,'Another Event','In the park','Another short description','2012-04-29','aced00057e720022636f6d2e6f616b2e62616279626f6f6b2e6f626a656374732e4576656e745479706500000000000000001200007872000e6a6176612e6c616e672e456e756d0000000000000000120000787074000b46495253545f5354455053',NULL,NULL,1)
DELETE FROM EVENT WHERE ID=1
INSERT INTO EVENT VALUES(1,'My Event','At home','Some short description','2012-04-29','aced00057e720022636f6d2e6f616b2e62616279626f6f6b2e6f626a656374732e4576656e745479706500000000000000001200007872000e6a6176612e6c616e672e456e756d00000000000000001200007870740007534159494e4753',NULL,NULL,1)
DELETE FROM PICTURE WHERE PICTURE_ID=3
INSERT INTO PICTURE VALUES(3,'WithEvent.gif','Event Pic','Picture for the event',NULL,NULL,1)
DELETE FROM PICTURE WHERE PICTURE_ID=1
INSERT INTO PICTURE VALUES(1,'MyPhoto.jpg','Paris','Me and the girls in Paris',NULL,NULL,1)
DELETE FROM PICTURE WHERE PICTURE_ID=2
INSERT INTO PICTURE VALUES(2,'Pic.gif','Home','Playing in front of the fire',NULL,NULL,1)
DELETE FROM PERSON WHERE ID=2
INSERT INTO PERSON VALUES(2,'Eva','May','Callaghan','eva@oakitfinancial.co.uk','2012-04-29 11:02:02.983000000','aced00057e72001f636f6d2e6f616b2e62616279626f6f6b2e6f626a656374732e47656e64657200000000000000001200007872000e6a6176612e6c616e672e456e756d0000000000000000120000787074000646454d414c45',NULL,1)
DELETE FROM PERSON WHERE ID=1
INSERT INTO PERSON VALUES(1,'Beth','Anne','Callaghan','beth@oakitfinancial.co.uk','2012-04-29 11:02:02.981000000','aced00057e72001f636f6d2e6f616b2e62616279626f6f6b2e6f626a656374732e47656e64657200000000000000001200007872000e6a6176612e6c616e672e456e756d0000000000000000120000787074000646454d414c45',NULL,1)
COMMIT
/*C120*/SET SCHEMA PUBLIC
CONNECT USER SA
SET AUTOCOMMIT FALSE
/*C121*/SET SCHEMA PUBLIC
CONNECT USER SA
SET AUTOCOMMIT FALSE
/*C122*/SET SCHEMA PUBLIC
CONNECT USER SA
SET AUTOCOMMIT FALSE
/*C123*/SET SCHEMA PUBLIC
CONNECT USER SA
SET AUTOCOMMIT FALSE
/*C124*/SET SCHEMA PUBLIC
CONNECT USER SA
SET AUTOCOMMIT FALSE
SET AUTOCOMMIT TRUE
alter table EVENT drop constraint FK3F47A7A1EA4C1E1
alter table EVENT drop constraint FK3F47A7AF7821B61
alter table PAGE drop constraint FK255A8F1EA4C1E1
alter table PERSON drop constraint FK8C768F55D5844C53
alter table PERSON drop constraint FK8C768F551EA4C1E1
alter table PICTURE drop constraint FK85BE8DED5844C53
alter table PICTURE drop constraint FK85BE8DE1DD737E1
alter table PICTURE drop constraint FK85BE8DE1EA4C1E1
drop table EVENT if exists
drop table PAGE if exists
drop table PERSON if exists
drop table PICTURE if exists
drop table USER if exists
create table EVENT (ID bigint not null, NAME varchar(50) not null, LOCATION varchar(100), DESCRIPTION varchar(200), EVENTDATE date, EVENTTYPE varbinary(255), OTHER varchar(255), PAGE_ID bigint, USER_ID bigint, primary key (ID))
create table PAGE (PAGE_ID bigint not null, NAME varchar(255), DESCRIPTION varchar(255), VALID_FROM timestamp, VALID_TO timestamp, EXPIRY_DATE timestamp, USER_ID bigint, primary key (PAGE_ID))
create table PERSON (ID bigint not null, FIRST varchar(50) not null, MIDDLE varchar(50), LAST varchar(50) not null, EMAIL varchar(75) not null, DATEOFBIRTH timestamp, GENDER varbinary(255), EVENT_ID bigint, USER_ID bigint, primary key (ID))
create table PICTURE (PICTURE_ID bigint not null, NAME varchar(255), LOCATION varchar(255), CAPTION varchar(255), PERSON_ID bigint, EVENT_ID bigint, USER_ID bigint, primary key (PICTURE_ID))
create table USER (ID bigint not null, USERNAME varchar(25) not null, PASSWORD varchar(25) not null, FIRST varchar(50) not null, MIDDLE varchar(50), LAST varchar(50) not null, EMAIL varchar(75) not null, DATEOFBIRTH timestamp, GENDER varbinary(255), primary key (ID))
alter table EVENT add constraint FK3F47A7A1EA4C1E1 foreign key (USER_ID) references USER
alter table EVENT add constraint FK3F47A7AF7821B61 foreign key (PAGE_ID) references PAGE
alter table PAGE add constraint FK255A8F1EA4C1E1 foreign key (USER_ID) references USER
alter table PERSON add constraint FK8C768F55D5844C53 foreign key (EVENT_ID) references EVENT
alter table PERSON add constraint FK8C768F551EA4C1E1 foreign key (USER_ID) references USER
alter table PICTURE add constraint FK85BE8DED5844C53 foreign key (EVENT_ID) references EVENT
alter table PICTURE add constraint FK85BE8DE1DD737E1 foreign key (PERSON_ID) references PERSON
alter table PICTURE add constraint FK85BE8DE1EA4C1E1 foreign key (USER_ID) references USER
SET AUTOCOMMIT FALSE
INSERT INTO USER VALUES(1,'user','pass','Patrick','Michael','Callaghan','patrick@oakitfinancial.co.uk','2012-04-29 11:02:04.002000000','aced00057e72001f636f6d2e6f616b2e62616279626f6f6b2e6f626a656374732e47656e64657200000000000000001200007872000e6a6176612e6c616e672e456e756d000000000000000012000078707400044d414c45')
COMMIT
/*C125*/SET SCHEMA PUBLIC
CONNECT USER SA
SET AUTOCOMMIT FALSE
INSERT INTO PERSON VALUES(1,'Beth','Anne','Callaghan','beth@oakitfinancial.co.uk','2012-04-29 11:02:04.009000000','aced00057e72001f636f6d2e6f616b2e62616279626f6f6b2e6f626a656374732e47656e64657200000000000000001200007872000e6a6176612e6c616e672e456e756d0000000000000000120000787074000646454d414c45',NULL,NULL)
COMMIT
/*C126*/SET SCHEMA PUBLIC
CONNECT USER SA
SET AUTOCOMMIT FALSE
INSERT INTO PERSON VALUES(2,'Eva','May','Callaghan','eva@oakitfinancial.co.uk','2012-04-29 11:02:04.013000000','aced00057e72001f636f6d2e6f616b2e62616279626f6f6b2e6f626a656374732e47656e64657200000000000000001200007872000e6a6176612e6c616e672e456e756d0000000000000000120000787074000646454d414c45',NULL,NULL)
COMMIT
/*C127*/SET SCHEMA PUBLIC
CONNECT USER SA
SET AUTOCOMMIT FALSE
INSERT INTO PICTURE VALUES(1,'MyPhoto.jpg','Paris','Me and the girls in Paris',NULL,NULL,NULL)
COMMIT
/*C128*/SET SCHEMA PUBLIC
CONNECT USER SA
SET AUTOCOMMIT FALSE
INSERT INTO PICTURE VALUES(2,'Pic.gif','Home','Playing in front of the fire',NULL,NULL,NULL)
COMMIT
/*C129*/SET SCHEMA PUBLIC
CONNECT USER SA
SET AUTOCOMMIT FALSE
INSERT INTO EVENT VALUES(1,'My Event','At home','Some short description','2012-04-29','aced00057e720022636f6d2e6f616b2e62616279626f6f6b2e6f626a656374732e4576656e745479706500000000000000001200007872000e6a6176612e6c616e672e456e756d00000000000000001200007870740007534159494e4753',NULL,NULL,NULL)
COMMIT
/*C130*/SET SCHEMA PUBLIC
CONNECT USER SA
SET AUTOCOMMIT FALSE
INSERT INTO EVENT VALUES(2,'Another Event','In the park','Another short description','2012-04-29','aced00057e720022636f6d2e6f616b2e62616279626f6f6b2e6f626a656374732e4576656e745479706500000000000000001200007872000e6a6176612e6c616e672e456e756d0000000000000000120000787074000b46495253545f5354455053',NULL,NULL,NULL)
COMMIT
/*C131*/SET SCHEMA PUBLIC
CONNECT USER SA
SET AUTOCOMMIT FALSE
INSERT INTO PICTURE VALUES(3,'WithEvent.gif','Event Pic','Picture for the event',NULL,NULL,NULL)
COMMIT
/*C132*/SET SCHEMA PUBLIC
CONNECT USER SA
SET AUTOCOMMIT FALSE
INSERT INTO EVENT VALUES(3,'Another1 Event','In the park','Another short description','2012-04-29','aced00057e720022636f6d2e6f616b2e62616279626f6f6b2e6f626a656374732e4576656e745479706500000000000000001200007872000e6a6176612e6c616e672e456e756d0000000000000000120000787074000b46495253545f5354455053',NULL,NULL,NULL)
COMMIT
/*C133*/SET SCHEMA PUBLIC
CONNECT USER SA
SET AUTOCOMMIT FALSE
DELETE FROM EVENT WHERE ID=2
INSERT INTO EVENT VALUES(2,'Another Event','In the park','Another short description','2012-04-29','aced00057e720022636f6d2e6f616b2e62616279626f6f6b2e6f626a656374732e4576656e745479706500000000000000001200007872000e6a6176612e6c616e672e456e756d0000000000000000120000787074000b46495253545f5354455053',NULL,NULL,1)
DELETE FROM EVENT WHERE ID=3
INSERT INTO EVENT VALUES(3,'Another1 Event','In the park','Another short description','2012-04-29','aced00057e720022636f6d2e6f616b2e62616279626f6f6b2e6f626a656374732e4576656e745479706500000000000000001200007872000e6a6176612e6c616e672e456e756d0000000000000000120000787074000b46495253545f5354455053',NULL,NULL,1)
DELETE FROM EVENT WHERE ID=1
INSERT INTO EVENT VALUES(1,'My Event','At home','Some short description','2012-04-29','aced00057e720022636f6d2e6f616b2e62616279626f6f6b2e6f626a656374732e4576656e745479706500000000000000001200007872000e6a6176612e6c616e672e456e756d00000000000000001200007870740007534159494e4753',NULL,NULL,1)
DELETE FROM PICTURE WHERE PICTURE_ID=3
INSERT INTO PICTURE VALUES(3,'WithEvent.gif','Event Pic','Picture for the event',NULL,NULL,1)
DELETE FROM PICTURE WHERE PICTURE_ID=2
INSERT INTO PICTURE VALUES(2,'Pic.gif','Home','Playing in front of the fire',NULL,NULL,1)
DELETE FROM PICTURE WHERE PICTURE_ID=1
INSERT INTO PICTURE VALUES(1,'MyPhoto.jpg','Paris','Me and the girls in Paris',NULL,NULL,1)
DELETE FROM PERSON WHERE ID=1
INSERT INTO PERSON VALUES(1,'Beth','Anne','Callaghan','beth@oakitfinancial.co.uk','2012-04-29 11:02:04.009000000','aced00057e72001f636f6d2e6f616b2e62616279626f6f6b2e6f626a656374732e47656e64657200000000000000001200007872000e6a6176612e6c616e672e456e756d0000000000000000120000787074000646454d414c45',NULL,1)
DELETE FROM PERSON WHERE ID=2
INSERT INTO PERSON VALUES(2,'Eva','May','Callaghan','eva@oakitfinancial.co.uk','2012-04-29 11:02:04.013000000','aced00057e72001f636f6d2e6f616b2e62616279626f6f6b2e6f626a656374732e47656e64657200000000000000001200007872000e6a6176612e6c616e672e456e756d0000000000000000120000787074000646454d414c45',NULL,1)
COMMIT
/*C134*/SET SCHEMA PUBLIC
CONNECT USER SA
SET AUTOCOMMIT FALSE
/*C135*/SET SCHEMA PUBLIC
CONNECT USER SA
SET AUTOCOMMIT FALSE
/*C136*/SET SCHEMA PUBLIC
CONNECT USER SA
SET AUTOCOMMIT FALSE
/*C137*/SET SCHEMA PUBLIC
CONNECT USER SA
SET AUTOCOMMIT FALSE
/*C138*/SET SCHEMA PUBLIC
CONNECT USER SA
SET AUTOCOMMIT FALSE
INSERT INTO PERSON VALUES(3,'Ava','May','Callaghan','ava@gmail.com','2012-04-29 11:02:04.411000000','aced00057e72001f636f6d2e6f616b2e62616279626f6f6b2e6f626a656374732e47656e64657200000000000000001200007872000e6a6176612e6c616e672e456e756d0000000000000000120000787074000646454d414c45',NULL,NULL)
COMMIT
/*C139*/SET SCHEMA PUBLIC
CONNECT USER SA
SET AUTOCOMMIT FALSE
/*C140*/SET SCHEMA PUBLIC
CONNECT USER SA
SET AUTOCOMMIT FALSE
DELETE FROM PERSON WHERE ID=3
INSERT INTO PERSON VALUES(3,'Ava','May','Callaghan','ava@gmail.com','2012-04-29 11:02:04.411000000','aced00057e72001f636f6d2e6f616b2e62616279626f6f6b2e6f626a656374732e47656e64657200000000000000001200007872000e6a6176612e6c616e672e456e756d0000000000000000120000787074000646454d414c45',NULL,1)
COMMIT
/*C141*/SET SCHEMA PUBLIC
CONNECT USER SA
SET AUTOCOMMIT FALSE
/*C142*/SET SCHEMA PUBLIC
CONNECT USER SA
SET AUTOCOMMIT FALSE
DISCONNECT
/*C141*/DISCONNECT
/*C140*/DISCONNECT
/*C139*/DISCONNECT
/*C138*/DISCONNECT
/*C137*/DISCONNECT
/*C136*/DISCONNECT
/*C135*/DISCONNECT
/*C134*/DISCONNECT
/*C133*/DISCONNECT
/*C132*/DISCONNECT
/*C131*/DISCONNECT
/*C130*/DISCONNECT
/*C129*/DISCONNECT
/*C128*/DISCONNECT
/*C127*/DISCONNECT
/*C126*/DISCONNECT
/*C125*/DISCONNECT
/*C124*/DISCONNECT
/*C123*/DISCONNECT
/*C122*/DISCONNECT
/*C121*/DISCONNECT
/*C120*/DISCONNECT
/*C119*/DISCONNECT
/*C118*/DISCONNECT
/*C117*/DISCONNECT
/*C116*/DISCONNECT
/*C115*/DISCONNECT
/*C114*/DISCONNECT
/*C113*/DISCONNECT
/*C112*/DISCONNECT
/*C111*/DISCONNECT
/*C110*/DISCONNECT
/*C143*/SET SCHEMA PUBLIC
CONNECT USER SA
SET AUTOCOMMIT FALSE
SET AUTOCOMMIT TRUE
alter table EVENT drop constraint FK3F47A7A1EA4C1E1
alter table EVENT drop constraint FK3F47A7AF7821B61
alter table PAGE drop constraint FK255A8F1EA4C1E1
alter table PERSON drop constraint FK8C768F55D5844C53
alter table PERSON drop constraint FK8C768F551EA4C1E1
alter table PICTURE drop constraint FK85BE8DED5844C53
alter table PICTURE drop constraint FK85BE8DE1DD737E1
alter table PICTURE drop constraint FK85BE8DE1EA4C1E1
drop table EVENT if exists
drop table PAGE if exists
drop table PERSON if exists
drop table PICTURE if exists
drop table USER if exists
create table EVENT (ID bigint not null, NAME varchar(50) not null, LOCATION varchar(100), DESCRIPTION varchar(200), EVENTDATE date, EVENTTYPE varbinary(255), OTHER varchar(255), PAGE_ID bigint, USER_ID bigint, primary key (ID))
create table PAGE (PAGE_ID bigint not null, NAME varchar(255), DESCRIPTION varchar(255), VALID_FROM timestamp, VALID_TO timestamp, EXPIRY_DATE timestamp, USER_ID bigint, primary key (PAGE_ID))
create table PERSON (ID bigint not null, FIRST varchar(50) not null, MIDDLE varchar(50), LAST varchar(50) not null, EMAIL varchar(75) not null, DATEOFBIRTH timestamp, GENDER varbinary(255), EVENT_ID bigint, USER_ID bigint, primary key (ID))
create table PICTURE (PICTURE_ID bigint not null, NAME varchar(255), LOCATION varchar(255), CAPTION varchar(255), PERSON_ID bigint, EVENT_ID bigint, USER_ID bigint, primary key (PICTURE_ID))
create table USER (ID bigint not null, USERNAME varchar(25) not null, PASSWORD varchar(25) not null, FIRST varchar(50) not null, MIDDLE varchar(50), LAST varchar(50) not null, EMAIL varchar(75) not null, DATEOFBIRTH timestamp, GENDER varbinary(255), primary key (ID))
alter table EVENT add constraint FK3F47A7A1EA4C1E1 foreign key (USER_ID) references USER
alter table EVENT add constraint FK3F47A7AF7821B61 foreign key (PAGE_ID) references PAGE
alter table PAGE add constraint FK255A8F1EA4C1E1 foreign key (USER_ID) references USER
alter table PERSON add constraint FK8C768F55D5844C53 foreign key (EVENT_ID) references EVENT
alter table PERSON add constraint FK8C768F551EA4C1E1 foreign key (USER_ID) references USER
alter table PICTURE add constraint FK85BE8DED5844C53 foreign key (EVENT_ID) references EVENT
alter table PICTURE add constraint FK85BE8DE1DD737E1 foreign key (PERSON_ID) references PERSON
alter table PICTURE add constraint FK85BE8DE1EA4C1E1 foreign key (USER_ID) references USER
SET AUTOCOMMIT FALSE
INSERT INTO USER VALUES(1,'user','pass','Patrick','Michael','Callaghan','patrick@oakitfinancial.co.uk','2012-04-29 11:02:05.613000000','aced00057e72001f636f6d2e6f616b2e62616279626f6f6b2e6f626a656374732e47656e64657200000000000000001200007872000e6a6176612e6c616e672e456e756d000000000000000012000078707400044d414c45')
COMMIT
/*C144*/SET SCHEMA PUBLIC
CONNECT USER SA
SET AUTOCOMMIT FALSE
INSERT INTO PERSON VALUES(1,'Beth','Anne','Callaghan','beth@oakitfinancial.co.uk','2012-04-29 11:02:05.624000000','aced00057e72001f636f6d2e6f616b2e62616279626f6f6b2e6f626a656374732e47656e64657200000000000000001200007872000e6a6176612e6c616e672e456e756d0000000000000000120000787074000646454d414c45',NULL,NULL)
COMMIT
/*C145*/SET SCHEMA PUBLIC
CONNECT USER SA
SET AUTOCOMMIT FALSE
INSERT INTO PERSON VALUES(2,'Eva','May','Callaghan','eva@oakitfinancial.co.uk','2012-04-29 11:02:05.629000000','aced00057e72001f636f6d2e6f616b2e62616279626f6f6b2e6f626a656374732e47656e64657200000000000000001200007872000e6a6176612e6c616e672e456e756d0000000000000000120000787074000646454d414c45',NULL,NULL)
COMMIT
/*C146*/SET SCHEMA PUBLIC
CONNECT USER SA
SET AUTOCOMMIT FALSE
INSERT INTO PICTURE VALUES(1,'MyPhoto.jpg','Paris','Me and the girls in Paris',NULL,NULL,NULL)
COMMIT
/*C147*/SET SCHEMA PUBLIC
CONNECT USER SA
SET AUTOCOMMIT FALSE
INSERT INTO PICTURE VALUES(2,'Pic.gif','Home','Playing in front of the fire',NULL,NULL,NULL)
COMMIT
/*C148*/SET SCHEMA PUBLIC
CONNECT USER SA
SET AUTOCOMMIT FALSE
INSERT INTO EVENT VALUES(1,'My Event','At home','Some short description','2012-04-29','aced00057e720022636f6d2e6f616b2e62616279626f6f6b2e6f626a656374732e4576656e745479706500000000000000001200007872000e6a6176612e6c616e672e456e756d00000000000000001200007870740007534159494e4753',NULL,NULL,NULL)
COMMIT
/*C149*/SET SCHEMA PUBLIC
CONNECT USER SA
SET AUTOCOMMIT FALSE
INSERT INTO EVENT VALUES(2,'Another Event','In the park','Another short description','2012-04-29','aced00057e720022636f6d2e6f616b2e62616279626f6f6b2e6f626a656374732e4576656e745479706500000000000000001200007872000e6a6176612e6c616e672e456e756d0000000000000000120000787074000b46495253545f5354455053',NULL,NULL,NULL)
COMMIT
/*C150*/SET SCHEMA PUBLIC
CONNECT USER SA
SET AUTOCOMMIT FALSE
INSERT INTO PICTURE VALUES(3,'WithEvent.gif','Event Pic','Picture for the event',NULL,NULL,NULL)
COMMIT
/*C151*/SET SCHEMA PUBLIC
CONNECT USER SA
SET AUTOCOMMIT FALSE
INSERT INTO EVENT VALUES(3,'Another1 Event','In the park','Another short description','2012-04-29','aced00057e720022636f6d2e6f616b2e62616279626f6f6b2e6f626a656374732e4576656e745479706500000000000000001200007872000e6a6176612e6c616e672e456e756d0000000000000000120000787074000b46495253545f5354455053',NULL,NULL,NULL)
COMMIT
/*C152*/SET SCHEMA PUBLIC
CONNECT USER SA
SET AUTOCOMMIT FALSE
DELETE FROM EVENT WHERE ID=2
INSERT INTO EVENT VALUES(2,'Another Event','In the park','Another short description','2012-04-29','aced00057e720022636f6d2e6f616b2e62616279626f6f6b2e6f626a656374732e4576656e745479706500000000000000001200007872000e6a6176612e6c616e672e456e756d0000000000000000120000787074000b46495253545f5354455053',NULL,NULL,1)
DELETE FROM EVENT WHERE ID=3
INSERT INTO EVENT VALUES(3,'Another1 Event','In the park','Another short description','2012-04-29','aced00057e720022636f6d2e6f616b2e62616279626f6f6b2e6f626a656374732e4576656e745479706500000000000000001200007872000e6a6176612e6c616e672e456e756d0000000000000000120000787074000b46495253545f5354455053',NULL,NULL,1)
DELETE FROM EVENT WHERE ID=1
INSERT INTO EVENT VALUES(1,'My Event','At home','Some short description','2012-04-29','aced00057e720022636f6d2e6f616b2e62616279626f6f6b2e6f626a656374732e4576656e745479706500000000000000001200007872000e6a6176612e6c616e672e456e756d00000000000000001200007870740007534159494e4753',NULL,NULL,1)
DELETE FROM PICTURE WHERE PICTURE_ID=2
INSERT INTO PICTURE VALUES(2,'Pic.gif','Home','Playing in front of the fire',NULL,NULL,1)
DELETE FROM PICTURE WHERE PICTURE_ID=1
INSERT INTO PICTURE VALUES(1,'MyPhoto.jpg','Paris','Me and the girls in Paris',NULL,NULL,1)
DELETE FROM PICTURE WHERE PICTURE_ID=3
INSERT INTO PICTURE VALUES(3,'WithEvent.gif','Event Pic','Picture for the event',NULL,NULL,1)
DELETE FROM PERSON WHERE ID=2
INSERT INTO PERSON VALUES(2,'Eva','May','Callaghan','eva@oakitfinancial.co.uk','2012-04-29 11:02:05.629000000','aced00057e72001f636f6d2e6f616b2e62616279626f6f6b2e6f626a656374732e47656e64657200000000000000001200007872000e6a6176612e6c616e672e456e756d0000000000000000120000787074000646454d414c45',NULL,1)
DELETE FROM PERSON WHERE ID=1
INSERT INTO PERSON VALUES(1,'Beth','Anne','Callaghan','beth@oakitfinancial.co.uk','2012-04-29 11:02:05.624000000','aced00057e72001f636f6d2e6f616b2e62616279626f6f6b2e6f626a656374732e47656e64657200000000000000001200007872000e6a6176612e6c616e672e456e756d0000000000000000120000787074000646454d414c45',NULL,1)
COMMIT
/*C153*/SET SCHEMA PUBLIC
CONNECT USER SA
SET AUTOCOMMIT FALSE
/*C154*/SET SCHEMA PUBLIC
CONNECT USER SA
SET AUTOCOMMIT FALSE
/*C155*/SET SCHEMA PUBLIC
CONNECT USER SA
SET AUTOCOMMIT FALSE
/*C156*/SET SCHEMA PUBLIC
CONNECT USER SA
SET AUTOCOMMIT FALSE
/*C157*/SET SCHEMA PUBLIC
CONNECT USER SA
SET AUTOCOMMIT FALSE
INSERT INTO EVENT VALUES(4,'Birth','54a Stephendale road','Started at 4am and gave birth at 9.45am','2012-04-29','aced00057e720022636f6d2e6f616b2e62616279626f6f6b2e6f626a656374732e4576656e745479706500000000000000001200007872000e6a6176612e6c616e672e456e756d000000000000000012000078707400054249525448',NULL,NULL,NULL)
COMMIT
/*C158*/SET SCHEMA PUBLIC
CONNECT USER SA
SET AUTOCOMMIT FALSE
/*C159*/SET SCHEMA PUBLIC
CONNECT USER SA
SET AUTOCOMMIT FALSE
DELETE FROM EVENT WHERE ID=4
INSERT INTO EVENT VALUES(4,'Birth','54a Stephendale road','Started at 4am and gave birth at 9.45am','2012-04-29','aced00057e720022636f6d2e6f616b2e62616279626f6f6b2e6f626a656374732e4576656e745479706500000000000000001200007872000e6a6176612e6c616e672e456e756d000000000000000012000078707400054249525448',NULL,NULL,1)
COMMIT
/*C160*/SET SCHEMA PUBLIC
CONNECT USER SA
SET AUTOCOMMIT FALSE
/*C161*/SET SCHEMA PUBLIC
CONNECT USER SA
SET AUTOCOMMIT FALSE
/*C162*/SET SCHEMA PUBLIC
CONNECT USER SA
SET AUTOCOMMIT FALSE
SET AUTOCOMMIT TRUE
alter table EVENT drop constraint FK3F47A7A1EA4C1E1
alter table EVENT drop constraint FK3F47A7AF7821B61
alter table PAGE drop constraint FK255A8F1EA4C1E1
alter table PERSON drop constraint FK8C768F55D5844C53
alter table PERSON drop constraint FK8C768F551EA4C1E1
alter table PICTURE drop constraint FK85BE8DED5844C53
alter table PICTURE drop constraint FK85BE8DE1DD737E1
alter table PICTURE drop constraint FK85BE8DE1EA4C1E1
drop table EVENT if exists
drop table PAGE if exists
drop table PERSON if exists
drop table PICTURE if exists
drop table USER if exists
create table EVENT (ID bigint not null, NAME varchar(50) not null, LOCATION varchar(100), DESCRIPTION varchar(200), EVENTDATE date, EVENTTYPE varbinary(255), OTHER varchar(255), PAGE_ID bigint, USER_ID bigint, primary key (ID))
create table PAGE (PAGE_ID bigint not null, NAME varchar(255), DESCRIPTION varchar(255), VALID_FROM timestamp, VALID_TO timestamp, EXPIRY_DATE timestamp, USER_ID bigint, primary key (PAGE_ID))
create table PERSON (ID bigint not null, FIRST varchar(50) not null, MIDDLE varchar(50), LAST varchar(50) not null, EMAIL varchar(75) not null, DATEOFBIRTH timestamp, GENDER varbinary(255), EVENT_ID bigint, USER_ID bigint, primary key (ID))
create table PICTURE (PICTURE_ID bigint not null, NAME varchar(255), LOCATION varchar(255), CAPTION varchar(255), PERSON_ID bigint, EVENT_ID bigint, USER_ID bigint, primary key (PICTURE_ID))
create table USER (ID bigint not null, USERNAME varchar(25) not null, PASSWORD varchar(25) not null, FIRST varchar(50) not null, MIDDLE varchar(50), LAST varchar(50) not null, EMAIL varchar(75) not null, DATEOFBIRTH timestamp, GENDER varbinary(255), primary key (ID))
alter table EVENT add constraint FK3F47A7A1EA4C1E1 foreign key (USER_ID) references USER
alter table EVENT add constraint FK3F47A7AF7821B61 foreign key (PAGE_ID) references PAGE
alter table PAGE add constraint FK255A8F1EA4C1E1 foreign key (USER_ID) references USER
alter table PERSON add constraint FK8C768F55D5844C53 foreign key (EVENT_ID) references EVENT
alter table PERSON add constraint FK8C768F551EA4C1E1 foreign key (USER_ID) references USER
alter table PICTURE add constraint FK85BE8DED5844C53 foreign key (EVENT_ID) references EVENT
alter table PICTURE add constraint FK85BE8DE1DD737E1 foreign key (PERSON_ID) references PERSON
alter table PICTURE add constraint FK85BE8DE1EA4C1E1 foreign key (USER_ID) references USER
SET AUTOCOMMIT FALSE
INSERT INTO USER VALUES(1,'user','pass','Patrick','Michael','Callaghan','patrick@oakitfinancial.co.uk','2012-04-29 11:02:07.528000000','aced00057e72001f636f6d2e6f616b2e62616279626f6f6b2e6f626a656374732e47656e64657200000000000000001200007872000e6a6176612e6c616e672e456e756d000000000000000012000078707400044d414c45')
COMMIT
/*C163*/SET SCHEMA PUBLIC
CONNECT USER SA
SET AUTOCOMMIT FALSE
INSERT INTO PERSON VALUES(1,'Beth','Anne','Callaghan','beth@oakitfinancial.co.uk','2012-04-29 11:02:07.531000000','aced00057e72001f636f6d2e6f616b2e62616279626f6f6b2e6f626a656374732e47656e64657200000000000000001200007872000e6a6176612e6c616e672e456e756d0000000000000000120000787074000646454d414c45',NULL,NULL)
COMMIT
/*C164*/SET SCHEMA PUBLIC
CONNECT USER SA
SET AUTOCOMMIT FALSE
INSERT INTO PERSON VALUES(2,'Eva','May','Callaghan','eva@oakitfinancial.co.uk','2012-04-29 11:02:07.533000000','aced00057e72001f636f6d2e6f616b2e62616279626f6f6b2e6f626a656374732e47656e64657200000000000000001200007872000e6a6176612e6c616e672e456e756d0000000000000000120000787074000646454d414c45',NULL,NULL)
COMMIT
/*C165*/SET SCHEMA PUBLIC
CONNECT USER SA
SET AUTOCOMMIT FALSE
INSERT INTO PICTURE VALUES(1,'MyPhoto.jpg','Paris','Me and the girls in Paris',NULL,NULL,NULL)
COMMIT
/*C166*/SET SCHEMA PUBLIC
CONNECT USER SA
SET AUTOCOMMIT FALSE
INSERT INTO PICTURE VALUES(2,'Pic.gif','Home','Playing in front of the fire',NULL,NULL,NULL)
COMMIT
/*C167*/SET SCHEMA PUBLIC
CONNECT USER SA
SET AUTOCOMMIT FALSE
INSERT INTO EVENT VALUES(1,'My Event','At home','Some short description','2012-04-29','aced00057e720022636f6d2e6f616b2e62616279626f6f6b2e6f626a656374732e4576656e745479706500000000000000001200007872000e6a6176612e6c616e672e456e756d00000000000000001200007870740007534159494e4753',NULL,NULL,NULL)
COMMIT
/*C168*/SET SCHEMA PUBLIC
CONNECT USER SA
SET AUTOCOMMIT FALSE
INSERT INTO EVENT VALUES(2,'Another Event','In the park','Another short description','2012-04-29','aced00057e720022636f6d2e6f616b2e62616279626f6f6b2e6f626a656374732e4576656e745479706500000000000000001200007872000e6a6176612e6c616e672e456e756d0000000000000000120000787074000b46495253545f5354455053',NULL,NULL,NULL)
COMMIT
/*C169*/SET SCHEMA PUBLIC
CONNECT USER SA
SET AUTOCOMMIT FALSE
INSERT INTO PICTURE VALUES(3,'WithEvent.gif','Event Pic','Picture for the event',NULL,NULL,NULL)
COMMIT
/*C170*/SET SCHEMA PUBLIC
CONNECT USER SA
SET AUTOCOMMIT FALSE
INSERT INTO EVENT VALUES(3,'Another1 Event','In the park','Another short description','2012-04-29','aced00057e720022636f6d2e6f616b2e62616279626f6f6b2e6f626a656374732e4576656e745479706500000000000000001200007872000e6a6176612e6c616e672e456e756d0000000000000000120000787074000b46495253545f5354455053',NULL,NULL,NULL)
COMMIT
/*C171*/SET SCHEMA PUBLIC
CONNECT USER SA
SET AUTOCOMMIT FALSE
DELETE FROM EVENT WHERE ID=2
INSERT INTO EVENT VALUES(2,'Another Event','In the park','Another short description','2012-04-29','aced00057e720022636f6d2e6f616b2e62616279626f6f6b2e6f626a656374732e4576656e745479706500000000000000001200007872000e6a6176612e6c616e672e456e756d0000000000000000120000787074000b46495253545f5354455053',NULL,NULL,1)
DELETE FROM EVENT WHERE ID=1
INSERT INTO EVENT VALUES(1,'My Event','At home','Some short description','2012-04-29','aced00057e720022636f6d2e6f616b2e62616279626f6f6b2e6f626a656374732e4576656e745479706500000000000000001200007872000e6a6176612e6c616e672e456e756d00000000000000001200007870740007534159494e4753',NULL,NULL,1)
DELETE FROM EVENT WHERE ID=3
INSERT INTO EVENT VALUES(3,'Another1 Event','In the park','Another short description','2012-04-29','aced00057e720022636f6d2e6f616b2e62616279626f6f6b2e6f626a656374732e4576656e745479706500000000000000001200007872000e6a6176612e6c616e672e456e756d0000000000000000120000787074000b46495253545f5354455053',NULL,NULL,1)
DELETE FROM PICTURE WHERE PICTURE_ID=3
INSERT INTO PICTURE VALUES(3,'WithEvent.gif','Event Pic','Picture for the event',NULL,NULL,1)
DELETE FROM PICTURE WHERE PICTURE_ID=2
INSERT INTO PICTURE VALUES(2,'Pic.gif','Home','Playing in front of the fire',NULL,NULL,1)
DELETE FROM PICTURE WHERE PICTURE_ID=1
INSERT INTO PICTURE VALUES(1,'MyPhoto.jpg','Paris','Me and the girls in Paris',NULL,NULL,1)
DELETE FROM PERSON WHERE ID=2
INSERT INTO PERSON VALUES(2,'Eva','May','Callaghan','eva@oakitfinancial.co.uk','2012-04-29 11:02:07.533000000','aced00057e72001f636f6d2e6f616b2e62616279626f6f6b2e6f626a656374732e47656e64657200000000000000001200007872000e6a6176612e6c616e672e456e756d0000000000000000120000787074000646454d414c45',NULL,1)
DELETE FROM PERSON WHERE ID=1
INSERT INTO PERSON VALUES(1,'Beth','Anne','Callaghan','beth@oakitfinancial.co.uk','2012-04-29 11:02:07.531000000','aced00057e72001f636f6d2e6f616b2e62616279626f6f6b2e6f626a656374732e47656e64657200000000000000001200007872000e6a6176612e6c616e672e456e756d0000000000000000120000787074000646454d414c45',NULL,1)
COMMIT
/*C172*/SET SCHEMA PUBLIC
CONNECT USER SA
SET AUTOCOMMIT FALSE
/*C173*/SET SCHEMA PUBLIC
CONNECT USER SA
SET AUTOCOMMIT FALSE
/*C174*/SET SCHEMA PUBLIC
CONNECT USER SA
SET AUTOCOMMIT FALSE
/*C175*/SET SCHEMA PUBLIC
CONNECT USER SA
SET AUTOCOMMIT FALSE
/*C176*/SET SCHEMA PUBLIC
CONNECT USER SA
SET AUTOCOMMIT FALSE
/*C177*/SET SCHEMA PUBLIC
CONNECT USER SA
SET AUTOCOMMIT FALSE
INSERT INTO PICTURE VALUES(4,'AnotherPhoto.jpg','picts/afafd/','another lovely photo',NULL,NULL,NULL)
COMMIT
/*C178*/SET SCHEMA PUBLIC
CONNECT USER SA
SET AUTOCOMMIT FALSE
DISCONNECT
/*C177*/DISCONNECT
/*C176*/DISCONNECT
/*C175*/DISCONNECT
/*C174*/DISCONNECT
/*C173*/DISCONNECT
/*C172*/DISCONNECT
/*C171*/DISCONNECT
/*C170*/DISCONNECT
/*C169*/DISCONNECT
/*C168*/DISCONNECT
/*C167*/DISCONNECT
/*C166*/DISCONNECT
/*C165*/DISCONNECT
/*C164*/DISCONNECT
/*C163*/DISCONNECT
/*C162*/DISCONNECT
/*C161*/DISCONNECT
/*C160*/DISCONNECT
/*C159*/DISCONNECT
/*C158*/DISCONNECT
/*C157*/DISCONNECT
/*C156*/DISCONNECT
/*C155*/DISCONNECT
/*C154*/DISCONNECT
/*C153*/DISCONNECT
/*C152*/DISCONNECT
/*C151*/DISCONNECT
/*C150*/DISCONNECT
/*C149*/DISCONNECT
/*C148*/DISCONNECT
/*C147*/DISCONNECT
/*C146*/DISCONNECT
/*C145*/DISCONNECT
/*C144*/DISCONNECT
/*C143*/DISCONNECT
/*C179*/SET SCHEMA PUBLIC
CONNECT USER SA
SET AUTOCOMMIT FALSE
SET AUTOCOMMIT TRUE
alter table EVENT drop constraint FK3F47A7A1EA4C1E1
alter table EVENT drop constraint FK3F47A7AF7821B61
alter table PAGE drop constraint FK255A8F1EA4C1E1
alter table PERSON drop constraint FK8C768F55D5844C53
alter table PERSON drop constraint FK8C768F551EA4C1E1
alter table PICTURE drop constraint FK85BE8DED5844C53
alter table PICTURE drop constraint FK85BE8DE1DD737E1
alter table PICTURE drop constraint FK85BE8DE1EA4C1E1
drop table EVENT if exists
drop table PAGE if exists
drop table PERSON if exists
drop table PICTURE if exists
drop table USER if exists
create table EVENT (ID bigint not null, NAME varchar(50) not null, LOCATION varchar(100), DESCRIPTION varchar(200), EVENTDATE date, EVENTTYPE varbinary(255), OTHER varchar(255), PAGE_ID bigint, USER_ID bigint, primary key (ID))
create table PAGE (PAGE_ID bigint not null, NAME varchar(255), DESCRIPTION varchar(255), VALID_FROM timestamp, VALID_TO timestamp, EXPIRY_DATE timestamp, USER_ID bigint, primary key (PAGE_ID))
create table PERSON (ID bigint not null, FIRST varchar(50) not null, MIDDLE varchar(50), LAST varchar(50) not null, EMAIL varchar(75) not null, DATEOFBIRTH timestamp, GENDER varbinary(255), EVENT_ID bigint, USER_ID bigint, primary key (ID))
create table PICTURE (PICTURE_ID bigint not null, NAME varchar(255), LOCATION varchar(255), CAPTION varchar(255), PERSON_ID bigint, EVENT_ID bigint, USER_ID bigint, primary key (PICTURE_ID))
create table USER (ID bigint not null, USERNAME varchar(25) not null, PASSWORD varchar(25) not null, FIRST varchar(50) not null, MIDDLE varchar(50), LAST varchar(50) not null, EMAIL varchar(75) not null, DATEOFBIRTH timestamp, GENDER varbinary(255), primary key (ID))
alter table EVENT add constraint FK3F47A7A1EA4C1E1 foreign key (USER_ID) references USER
alter table EVENT add constraint FK3F47A7AF7821B61 foreign key (PAGE_ID) references PAGE
alter table PAGE add constraint FK255A8F1EA4C1E1 foreign key (USER_ID) references USER
alter table PERSON add constraint FK8C768F55D5844C53 foreign key (EVENT_ID) references EVENT
alter table PERSON add constraint FK8C768F551EA4C1E1 foreign key (USER_ID) references USER
alter table PICTURE add constraint FK85BE8DED5844C53 foreign key (EVENT_ID) references EVENT
alter table PICTURE add constraint FK85BE8DE1DD737E1 foreign key (PERSON_ID) references PERSON
alter table PICTURE add constraint FK85BE8DE1EA4C1E1 foreign key (USER_ID) references USER
SET AUTOCOMMIT FALSE
INSERT INTO USER VALUES(1,'user','pass','Patrick','Michael','Callaghan','patrick@oakitfinancial.co.uk','2012-04-29 11:02:08.485000000','aced00057e72001f636f6d2e6f616b2e62616279626f6f6b2e6f626a656374732e47656e64657200000000000000001200007872000e6a6176612e6c616e672e456e756d000000000000000012000078707400044d414c45')
COMMIT
/*C180*/SET SCHEMA PUBLIC
CONNECT USER SA
SET AUTOCOMMIT FALSE
INSERT INTO PERSON VALUES(1,'Beth','Anne','Callaghan','beth@oakitfinancial.co.uk','2012-04-29 11:02:08.487000000','aced00057e72001f636f6d2e6f616b2e62616279626f6f6b2e6f626a656374732e47656e64657200000000000000001200007872000e6a6176612e6c616e672e456e756d0000000000000000120000787074000646454d414c45',NULL,NULL)
COMMIT
/*C181*/SET SCHEMA PUBLIC
CONNECT USER SA
SET AUTOCOMMIT FALSE
INSERT INTO PERSON VALUES(2,'Eva','May','Callaghan','eva@oakitfinancial.co.uk','2012-04-29 11:02:08.489000000','aced00057e72001f636f6d2e6f616b2e62616279626f6f6b2e6f626a656374732e47656e64657200000000000000001200007872000e6a6176612e6c616e672e456e756d0000000000000000120000787074000646454d414c45',NULL,NULL)
COMMIT
/*C182*/SET SCHEMA PUBLIC
CONNECT USER SA
SET AUTOCOMMIT FALSE
INSERT INTO PICTURE VALUES(1,'MyPhoto.jpg','Paris','Me and the girls in Paris',NULL,NULL,NULL)
COMMIT
/*C183*/SET SCHEMA PUBLIC
CONNECT USER SA
SET AUTOCOMMIT FALSE
INSERT INTO PICTURE VALUES(2,'Pic.gif','Home','Playing in front of the fire',NULL,NULL,NULL)
COMMIT
/*C184*/SET SCHEMA PUBLIC
CONNECT USER SA
SET AUTOCOMMIT FALSE
INSERT INTO EVENT VALUES(1,'My Event','At home','Some short description','2012-04-29','aced00057e720022636f6d2e6f616b2e62616279626f6f6b2e6f626a656374732e4576656e745479706500000000000000001200007872000e6a6176612e6c616e672e456e756d00000000000000001200007870740007534159494e4753',NULL,NULL,NULL)
COMMIT
/*C185*/SET SCHEMA PUBLIC
CONNECT USER SA
SET AUTOCOMMIT FALSE
